<?xml version="1.0" encoding="UTF-8"?>
<!-- Generated by org.testng.reporters.JUnitReportReporter -->
<testsuite hostname="Lenovo" failures="0" tests="2" name="test.verifySearchTab" time="177.808" errors="0" timestamp="2024-01-05T12:08:21 IST" skipped="0">
  <testcase classname="test.verifySearchTab" name="verifyIfProdutsAreNotDisplayedOnInvalidSearch" time="161.016"/>
  <testcase classname="test.verifySearchTab" name="verifyIfProdutsAreDisplayedOnValidSearch" time="16.792"/>
</testsuite> <!-- test.verifySearchTab -->
