<?xml version="1.0" encoding="UTF-8"?>
<!-- Generated by org.testng.reporters.JUnitReportReporter -->
<testsuite hostname="Lenovo" failures="0" tests="2" name="test.VerifySearchTabTest" time="24.473" errors="0" timestamp="2024-01-13T17:19:25 IST" skipped="0">
  <testcase classname="test.VerifySearchTabTest" name="verifyIfProdutsAreDisplayedOnValidSearch" time="12.187"/>
  <testcase classname="test.VerifySearchTabTest" name="verifyIfProdutsAreNotDisplayedOnInvalidSearch" time="12.286"/>
</testsuite> <!-- test.VerifySearchTabTest -->
