<?xml version="1.0" encoding="UTF-8"?>
<!-- Generated by org.testng.reporters.JUnitReportReporter -->
<testsuite hostname="Lenovo" failures="0" tests="1" name="test.PraticeTest" time="29.677" errors="0" timestamp="2024-01-13T17:09:38 IST" skipped="0">
  <testcase classname="test.PraticeTest" name="searchProduct" time="29.677"/>
</testsuite> <!-- test.PraticeTest -->
