<?xml version="1.0" encoding="UTF-8"?>
<!-- Generated by org.testng.reporters.JUnitReportReporter -->
<testsuite hostname="Lenovo" failures="0" tests="1" name="test.PraticeTest" time="18.530" errors="0" timestamp="2024-01-07T18:00:07 IST" skipped="0">
  <testcase classname="test.PraticeTest" name="searchProduct" time="18.530"/>
</testsuite> <!-- test.PraticeTest -->
