<?xml version="1.0" encoding="UTF-8"?>
<!-- Generated by org.testng.reporters.JUnitReportReporter -->
<testsuite hostname="Lenovo" failures="0" tests="1" name="test.verifyShoppingCategoriesTest" time="11.598" errors="0" timestamp="2024-01-03T18:56:59 IST" skipped="0">
  <testcase classname="test.verifyShoppingCategoriesTest" name="verifyIfUserIsAbleToAccessShoppingCategories" time="11.598"/>
</testsuite> <!-- test.verifyShoppingCategoriesTest -->
