<?xml version="1.0" encoding="UTF-8"?>
<!-- Generated by org.testng.reporters.JUnitReportReporter -->
<testsuite hostname="Lenovo" failures="0" tests="1" name="test.ProductDescriptionTest" time="22.173" errors="0" timestamp="2024-01-13T17:10:17 IST" skipped="0">
  <testcase classname="test.ProductDescriptionTest" name="verifyIfUserIsAbleToAddProductToCartUsingDescription" time="22.173"/>
</testsuite> <!-- test.ProductDescriptionTest -->
