<?xml version="1.0" encoding="UTF-8"?>
<!-- Generated by org.testng.reporters.JUnitReportReporter -->
<testsuite hostname="Lenovo" failures="0" tests="1" name="test.AddToCartTest" time="16.675" errors="0" timestamp="2024-01-07T18:11:37 IST" skipped="0">
  <testcase classname="test.AddToCartTest" name="verifyIfUserIsAbleToAddMultipleProductToCartUsingQuickViewOption" time="16.675"/>
</testsuite> <!-- test.AddToCartTest -->
