<?xml version="1.0" encoding="UTF-8"?>
<!-- Generated by org.testng.reporters.JUnitReportReporter -->
<testsuite hostname="Lenovo" failures="0" tests="2" name="test.AddToCartTest" time="33.292" errors="0" timestamp="2024-01-13T17:04:53 IST" skipped="0">
  <testcase classname="test.AddToCartTest" name="verifyIfUserIsAbleToAddProductToCartUsingQuickViewOption" time="17.079"/>
  <testcase classname="test.AddToCartTest" name="verifyIfUserIsAbleToAddMultipleProductToCartUsingQuickViewOption" time="16.213"/>
</testsuite> <!-- test.AddToCartTest -->
