<?xml version="1.0" encoding="UTF-8"?>
<!-- Generated by org.testng.reporters.JUnitReportReporter -->
<testsuite hostname="Lenovo" failures="0" tests="1" name="test.AddToCartTest" time="21.898" errors="0" timestamp="2024-01-06T19:23:47 IST" skipped="0">
  <testcase classname="test.AddToCartTest" name="verifyIfUserIsAbleToAddProductToCartUsingQuickViewOption" time="21.898"/>
</testsuite> <!-- test.AddToCartTest -->
