<?xml version="1.0" encoding="UTF-8"?>
<!-- Generated by org.testng.reporters.JUnitReportReporter -->
<testsuite hostname="Lenovo" failures="0" tests="1" name="test.AddToCartTest" time="14.771" errors="0" timestamp="2024-01-07T18:17:36 IST" skipped="0">
  <testcase classname="test.AddToCartTest" name="verifyIfUserIsAbleToAddMultipleProductToCartUsingQuickViewOption" time="14.771"/>
</testsuite> <!-- test.AddToCartTest -->
