<?xml version="1.0" encoding="UTF-8"?>
<!-- Generated by org.testng.reporters.JUnitReportReporter -->
<testsuite hostname="Lenovo" failures="0" tests="4" name="test.CheckDetailTest" time="61.446" errors="0" timestamp="2024-01-13T17:07:12 IST" skipped="0">
  <testcase classname="test.CheckDetailTest" name="VerifyIfuserIsAbleToAddProductToCartFromProductDescriptionPage" time="13.865"/>
  <testcase classname="test.CheckDetailTest" name="VerifyIfProductsDetailsOnQuickViewTab" time="12.548"/>
  <testcase classname="test.CheckDetailTest" name="AddSingleToCartAndVerifyIfUnitPriceAdditionShippingPriceIsEqualToOrderAmount" time="14.244"/>
  <testcase classname="test.CheckDetailTest" name="AddTwoProductToCartAndVerifyIfUnitPriceAddShippingPriceIsEqualToOrderAmountAndAlsoVerifyIfSumOfOrderAmountIsEqualToCartAmount" time="20.789"/>
</testsuite> <!-- test.CheckDetailTest -->
