<?xml version="1.0" encoding="UTF-8"?>
<!-- Generated by org.testng.reporters.JUnitReportReporter -->
<testsuite hostname="Lenovo" failures="0" tests="1" name="test.ProductDescriptionTest" time="14.033" errors="0" timestamp="2024-01-06T19:55:21 IST" skipped="0">
  <testcase classname="test.ProductDescriptionTest" name="verifyIfUserIsAbleToAddProductToCartUsingDescription" time="14.033"/>
</testsuite> <!-- test.ProductDescriptionTest -->
